<?xml version="1.0" encoding="UTF-8"?>
<testsuite xmlns:xsi="http://www.w3.org/2001/XMLSchema-instance" xsi:noNamespaceSchemaLocation="https://maven.apache.org/surefire/maven-surefire-plugin/xsd/surefire-test-report.xsd" name="com.banerjee.greetings.GreetingsImplTest" time="0.055" tests="3" errors="0" skipped="0" failures="0">
  <properties>
[...]
</properties>
  <testcase name="greetShouldThrowAnExceptionForNameEmpty" classname="com.banerjee.greetings.GreetingsImplTest" time="0.026"/>
  <testcase name="greetShouldReturnValidOutput" classname="com.banerjee.greetings.GreetingsImplTest" time="0.015"/>
  <testcase name="greetShouldThrowAnExceptionForNameNull" classname="com.banerjee.greetings.GreetingsImplTest" time="0.002"/>
</testsuite>